0 info it worked if it ends with ok
1 verbose cli [ '/usr/bin/node', '/usr/bin/npm', 'install', 'ngTable' ]
2 info using npm@1.4.28
3 info using node@v0.10.33
4 verbose node symlink /usr/bin/node
5 warn package.json flatify@1.0.0 No description
6 warn package.json flatify@1.0.0 No repository field.
7 warn package.json flatify@1.0.0 No README data
8 verbose readDependencies using package.json deps
9 verbose cache add [ 'ngTable', null ]
10 verbose cache add name=undefined spec="ngTable" args=["ngTable",null]
11 verbose parsed url { protocol: null,
11 verbose parsed url   slashes: null,
11 verbose parsed url   auth: null,
11 verbose parsed url   host: null,
11 verbose parsed url   port: null,
11 verbose parsed url   hostname: null,
11 verbose parsed url   hash: null,
11 verbose parsed url   search: null,
11 verbose parsed url   query: null,
11 verbose parsed url   pathname: 'ngTable',
11 verbose parsed url   path: 'ngTable',
11 verbose parsed url   href: 'ngTable' }
12 silly lockFile c247f4f4-ngTable ngTable
13 verbose lock ngTable /home/gsachan/.npm/c247f4f4-ngTable.lock
14 silly lockFile c247f4f4-ngTable ngTable
15 silly lockFile c247f4f4-ngTable ngTable
16 verbose addNamed [ 'ngTable', '' ]
17 verbose addNamed [ null, '*' ]
18 silly lockFile fbfc6bb1-ngTable ngTable@
19 verbose lock ngTable@ /home/gsachan/.npm/fbfc6bb1-ngTable.lock
20 silly addNameRange { name: 'ngTable', range: '*', hasData: false }
21 verbose request where is /ngTable
22 verbose request registry https://registry.npmjs.org/
23 verbose request id 368069d3af3b6ef5
24 verbose url raw /ngTable
25 verbose url resolving [ 'https://registry.npmjs.org/', './ngTable' ]
26 verbose url resolved https://registry.npmjs.org/ngTable
27 verbose request where is https://registry.npmjs.org/ngTable
28 info trying registry request attempt 1 at 12:07:52
29 http GET https://registry.npmjs.org/ngTable
30 http 404 https://registry.npmjs.org/ngTable
31 verbose headers { date: 'Wed, 19 Nov 2014 06:37:53 GMT',
31 verbose headers   server: 'CouchDB/1.5.0 (Erlang OTP/R16B03)',
31 verbose headers   'content-type': 'application/json',
31 verbose headers   'cache-control': 'max-age=0',
31 verbose headers   'content-length': '52',
31 verbose headers   'accept-ranges': 'bytes',
31 verbose headers   via: '1.1 varnish',
31 verbose headers   age: '0',
31 verbose headers   'x-served-by': 'cache-lax1424-LAX',
31 verbose headers   'x-cache': 'MISS',
31 verbose headers   'x-cache-hits': '0',
31 verbose headers   'x-timer': 'S1416379073.368771,VS0,VE43',
31 verbose headers   'keep-alive': 'timeout=10, max=50',
31 verbose headers   connection: 'Keep-Alive' }
32 silly registry.get cb [ 404,
32 silly registry.get   { date: 'Wed, 19 Nov 2014 06:37:53 GMT',
32 silly registry.get     server: 'CouchDB/1.5.0 (Erlang OTP/R16B03)',
32 silly registry.get     'content-type': 'application/json',
32 silly registry.get     'cache-control': 'max-age=0',
32 silly registry.get     'content-length': '52',
32 silly registry.get     'accept-ranges': 'bytes',
32 silly registry.get     via: '1.1 varnish',
32 silly registry.get     age: '0',
32 silly registry.get     'x-served-by': 'cache-lax1424-LAX',
32 silly registry.get     'x-cache': 'MISS',
32 silly registry.get     'x-cache-hits': '0',
32 silly registry.get     'x-timer': 'S1416379073.368771,VS0,VE43',
32 silly registry.get     'keep-alive': 'timeout=10, max=50',
32 silly registry.get     connection: 'Keep-Alive' } ]
33 silly lockFile fbfc6bb1-ngTable ngTable@
34 silly lockFile fbfc6bb1-ngTable ngTable@
35 error 404 404 Not Found: ngTable
35 error 404
35 error 404 'ngTable' is not in the npm registry.
35 error 404 You should bug the author to publish it
35 error 404 It was specified as a dependency of 'flatify'
35 error 404
35 error 404 Note that you can also install from a
35 error 404 tarball, folder, or http url, or git url.
36 error System Linux 3.13.0-39-generic
37 error command "/usr/bin/node" "/usr/bin/npm" "install" "ngTable"
38 error cwd /home/gsachan/project_ioeye/instamsg-ui
39 error node -v v0.10.33
40 error npm -v 1.4.28
41 error code E404
42 verbose exit [ 1, true ]
